Using pre-set license

 COMMAND LINE ARGUMENTS:
/Applications/Unity/Hub/Editor/2020.3.4f1/Unity.app/Contents/MacOS/Unity
-adb2
-batchMode
-noUpm
-name
AssetImportWorker0
-projectPath
/Users/matsumotoarata/git/Unity/UFOHologram/UFOCacther
-logFile
Logs/AssetImportWorker0.log
-srvPort
59991
Successfully changed project path to: /Users/matsumotoarata/git/Unity/UFOHologram/UFOCacther
/Users/matsumotoarata/git/Unity/UFOHologram/UFOCacther
Using Asset Import Pipeline V2.
Refreshing native plugins compatible for Editor in 19.03 ms, found 1 plugins.
Preloading 0 native plugins for Editor in 0.00 ms.
Initialize engine version: 2020.3.4f1 (0abb6314276a)
[Subsystems] Discovering subsystems at path /Applications/Unity/Hub/Editor/2020.3.4f1/Unity.app/Contents/Resources/UnitySubsystems
[Subsystems] Discovering subsystems at path /Users/matsumotoarata/git/Unity/UFOHologram/UFOCacther/Assets
GfxDevice: creating device client; threaded=0
2021-04-18 22:25:33.788 Unity[91391:2107179] Color LCD preferred device: Intel(R) Iris(TM) Plus Graphics (low power)
2021-04-18 22:25:33.788 Unity[91391:2107179] Metal devices available: 1
2021-04-18 22:25:33.788 Unity[91391:2107179] 0: Intel(R) Iris(TM) Plus Graphics (low power)
2021-04-18 22:25:33.789 Unity[91391:2107179] Using device Intel(R) Iris(TM) Plus Graphics (low power)
Initializing Metal device caps: Intel(R) Iris(TM) Plus Graphics
Initialize mono
Mono path[0] = '/Applications/Unity/Hub/Editor/2020.3.4f1/Unity.app/Contents/Managed'
Mono path[1] = '/Applications/Unity/Hub/Editor/2020.3.4f1/Unity.app/Contents/MonoBleedingEdge/lib/mono/unityjit'
Mono config path = '/Applications/Unity/Hub/Editor/2020.3.4f1/Unity.app/Contents/MonoBleedingEdge/etc'
Using monoOptions --debugger-agent=transport=dt_socket,embedding=1,server=y,suspend=n,address=127.0.0.1:56391
Begin MonoManager ReloadAssembly
Registering precompiled unity dll's ...
Register platform support module: /Applications/Unity/Hub/Editor/2020.3.4f1/PlaybackEngines/WebGLSupport/UnityEditor.WebGL.Extensions.dll
Register platform support module: /Applications/Unity/Hub/Editor/2020.3.4f1/Unity.app/Contents/PlaybackEngines/MacStandaloneSupport/UnityEditor.OSXStandalone.Extensions.dll
Registered in 0.001046 seconds.
Native extension for OSXStandalone target not found
Native extension for WebGL target not found
Refreshing native plugins compatible for Editor in 19.36 ms, found 1 plugins.
Preloading 0 native plugins for Editor in 0.00 ms.
Mono: successfully reloaded assembly
- Completed reload, in  1.837 seconds
Platform modules already initialized, skipping
Registering precompiled user dll's ...
Registered in 0.000314 seconds.
Begin MonoManager ReloadAssembly
Native extension for OSXStandalone target not found
Native extension for WebGL target not found
Refreshing native plugins compatible for Editor in 0.16 ms, found 1 plugins.
Preloading 0 native plugins for Editor in 0.00 ms.
Mono: successfully reloaded assembly
- Completed reload, in  0.842 seconds
Platform modules already initialized, skipping
========================================================================
Worker process is ready to serve import requests
Launching external process: /Applications/Unity/Hub/Editor/2020.3.4f1/Unity.app/Contents/Tools/UnityShaderCompiler
Launched and connected shader compiler UnityShaderCompiler after 0.03 seconds
Refreshing native plugins compatible for Editor in 0.24 ms, found 1 plugins.
Preloading 0 native plugins for Editor in 0.00 ms.
Unloading 1115 Unused Serialized files (Serialized files now loaded: 0)
System memory in use before: 110.8 MB.
System memory in use after: 110.8 MB.

Unloading 10 unused Assets to reduce memory usage. Loaded Objects now: 1557.
Total: 2.000527 ms (FindLiveObjects: 0.173011 ms CreateObjectMapping: 0.051775 ms MarkObjects: 1.668857 ms  DeleteObjects: 0.104923 ms)

========================================================================
Received Import Request.
  path: Assets/Materials
  artifactKey: Guid(ecdaaed2c275d446f872e69e15555f60) Importer(815301076,1909f56bfc062723c751e8b465ee728b)
Start importing Assets/Materials using Guid(ecdaaed2c275d446f872e69e15555f60) Importer(815301076,1909f56bfc062723c751e8b465ee728b)  -> (artifact id: '5b19c087bb7a41e2544aa7ad12d2eedd') in 0.004459 seconds
  Import took 0.007095 seconds .

========================================================================
Received Import Request.
  Time since last request: 12.235233 seconds.
  path: Assets/Materials/Wall.mat
  artifactKey: Guid(42d369449742c493aa20a09d51d14fd0) Importer(815301076,1909f56bfc062723c751e8b465ee728b)
Start importing Assets/Materials/Wall.mat using Guid(42d369449742c493aa20a09d51d14fd0) Importer(815301076,1909f56bfc062723c751e8b465ee728b)  -> (artifact id: 'fd33c2a97e8df381939c67bb9338963f') in 1.497350 seconds
  Import took 1.500187 seconds .

========================================================================
Received Import Request.
  Time since last request: 10.079952 seconds.
  path: Assets/Materials/Wall.shader
  artifactKey: Guid(b1db30ea964914bd3bddfe6d886873c1) Importer(815301076,1909f56bfc062723c751e8b465ee728b)
Start importing Assets/Materials/Wall.shader using Guid(b1db30ea964914bd3bddfe6d886873c1) Importer(815301076,1909f56bfc062723c751e8b465ee728b)  -> (artifact id: 'e7ddf5bee36112719c8b8b361cc9153e') in 0.352132 seconds
  Import took 0.354999 seconds .

========================================================================
Received Import Request.
  Time since last request: 1.167835 seconds.
  path: Assets/Materials/Wall.shader
  artifactKey: Guid(b1db30ea964914bd3bddfe6d886873c1) Importer(815301076,1909f56bfc062723c751e8b465ee728b)
Start importing Assets/Materials/Wall.shader using Guid(b1db30ea964914bd3bddfe6d886873c1) Importer(815301076,1909f56bfc062723c751e8b465ee728b)  -> (artifact id: 'e7ddf5bee36112719c8b8b361cc9153e') in 0.004066 seconds
  Import took 0.006542 seconds .

========================================================================
Received Import Request.
  Time since last request: 119.050203 seconds.
  path: Assets/Materials/Wall.shader
  artifactKey: Guid(b1db30ea964914bd3bddfe6d886873c1) Importer(815301076,1909f56bfc062723c751e8b465ee728b)
Start importing Assets/Materials/Wall.shader using Guid(b1db30ea964914bd3bddfe6d886873c1) Importer(815301076,1909f56bfc062723c751e8b465ee728b)  -> (artifact id: '70575f8fef0132e1280f221106ff49c9') in 0.004741 seconds
  Import took 0.007473 seconds .

========================================================================
Received Import Request.
  Time since last request: 47.161025 seconds.
  path: Assets/Materials/Wall.mat
  artifactKey: Guid(42d369449742c493aa20a09d51d14fd0) Importer(815301076,1909f56bfc062723c751e8b465ee728b)
Start importing Assets/Materials/Wall.mat using Guid(42d369449742c493aa20a09d51d14fd0) Importer(815301076,1909f56bfc062723c751e8b465ee728b)  -> (artifact id: '608e6e8bb35f826a0f1ce8802d65e401') in 0.244106 seconds
  Import took 0.246545 seconds .

========================================================================
Received Prepare
Registering precompiled user dll's ...
Registered in 0.000377 seconds.
Begin MonoManager ReloadAssembly
Native extension for OSXStandalone target not found
Native extension for WebGL target not found
Refreshing native plugins compatible for Editor in 0.17 ms, found 1 plugins.
Preloading 0 native plugins for Editor in 0.00 ms.
Mono: successfully reloaded assembly
- Completed reload, in  0.862 seconds
Platform modules already initialized, skipping
Refreshing native plugins compatible for Editor in 0.17 ms, found 1 plugins.
Preloading 0 native plugins for Editor in 0.00 ms.
Unloading 1111 Unused Serialized files (Serialized files now loaded: 0)
System memory in use before: 124.1 MB.
System memory in use after: 124.2 MB.

Unloading 5 unused Assets to reduce memory usage. Loaded Objects now: 1602.
Total: 1.721338 ms (FindLiveObjects: 0.172551 ms CreateObjectMapping: 0.046907 ms MarkObjects: 1.436110 ms  DeleteObjects: 0.063731 ms)

========================================================================
Received Prepare
Registering precompiled user dll's ...
Registered in 0.000491 seconds.
Begin MonoManager ReloadAssembly
Native extension for OSXStandalone target not found
Native extension for WebGL target not found
Refreshing native plugins compatible for Editor in 0.17 ms, found 1 plugins.
Preloading 0 native plugins for Editor in 0.00 ms.
Mono: successfully reloaded assembly
- Completed reload, in  0.846 seconds
Platform modules already initialized, skipping
Refreshing native plugins compatible for Editor in 0.23 ms, found 1 plugins.
Preloading 0 native plugins for Editor in 0.00 ms.
Unloading 1110 Unused Serialized files (Serialized files now loaded: 0)
System memory in use before: 124.3 MB.
System memory in use after: 124.4 MB.

Unloading 5 unused Assets to reduce memory usage. Loaded Objects now: 1605.
Total: 1.540471 ms (FindLiveObjects: 0.140228 ms CreateObjectMapping: 0.030733 ms MarkObjects: 1.316324 ms  DeleteObjects: 0.051787 ms)

========================================================================
Received Prepare
Registering precompiled user dll's ...
Registered in 0.000311 seconds.
Begin MonoManager ReloadAssembly
Native extension for OSXStandalone target not found
Native extension for WebGL target not found
Refreshing native plugins compatible for Editor in 0.18 ms, found 1 plugins.
Preloading 0 native plugins for Editor in 0.00 ms.
Mono: successfully reloaded assembly
- Completed reload, in  0.873 seconds
Platform modules already initialized, skipping
Refreshing native plugins compatible for Editor in 0.17 ms, found 1 plugins.
Preloading 0 native plugins for Editor in 0.00 ms.
Unloading 1110 Unused Serialized files (Serialized files now loaded: 0)
System memory in use before: 124.5 MB.
System memory in use after: 124.6 MB.

Unloading 5 unused Assets to reduce memory usage. Loaded Objects now: 1608.
Total: 1.456240 ms (FindLiveObjects: 0.153356 ms CreateObjectMapping: 0.061310 ms MarkObjects: 1.189187 ms  DeleteObjects: 0.051507 ms)

